<?xml version="1.0" encoding="UTF-8"?>
<!-- Generated by org.testng.reporters.JUnitReportReporter -->
<testsuite skipped="0" hostname="fa_samba-PC" name="AppTest" tests="1" failures="0" timestamp="2020-11-23T05:00:07 CET" time="61.799" errors="0">
  <testcase name="f" time="61.799" classname="AppTest"/>
</testsuite> <!-- AppTest -->
